0 info it worked if it ends with ok
1 verbose cli [ '/usr/local/bin/node',
1 verbose cli   '/usr/local/bin/npm',
1 verbose cli   'install',
1 verbose cli   '--save',
1 verbose cli   'angular-cookies@X.Y.Z' ]
2 info using npm@4.1.2
3 info using node@v7.5.0
4 silly loadCurrentTree Starting
5 silly install loadCurrentTree
6 silly install readLocalPackageData
7 silly fetchPackageMetaData angular-cookies@X.Y.Z
8 silly fetchNamedPackageData angular-cookies
9 silly mapToRegistry name angular-cookies
10 silly mapToRegistry using default registry
11 silly mapToRegistry registry https://registry.npmjs.org/
12 silly mapToRegistry data Result {
12 silly mapToRegistry   raw: 'angular-cookies',
12 silly mapToRegistry   scope: null,
12 silly mapToRegistry   escapedName: 'angular-cookies',
12 silly mapToRegistry   name: 'angular-cookies',
12 silly mapToRegistry   rawSpec: '',
12 silly mapToRegistry   spec: 'latest',
12 silly mapToRegistry   type: 'tag' }
13 silly mapToRegistry uri https://registry.npmjs.org/angular-cookies
14 verbose request uri https://registry.npmjs.org/angular-cookies
15 verbose request no auth needed
16 info attempt registry request try #1 at 2:09:59 PM
17 verbose request id f1f021db180b6fef
18 http request GET https://registry.npmjs.org/angular-cookies
19 http 200 https://registry.npmjs.org/angular-cookies
20 verbose headers { server: 'nginx/1.10.1',
20 verbose headers   'content-type': 'application/json',
20 verbose headers   'last-modified': 'Tue, 07 Feb 2017 13:59:56 GMT',
20 verbose headers   etag: 'W/"5899d2dc-1bb3c"',
20 verbose headers   'content-encoding': 'gzip',
20 verbose headers   'cache-control': 'max-age=300',
20 verbose headers   'content-length': '11845',
20 verbose headers   'accept-ranges': 'bytes',
20 verbose headers   date: 'Sun, 05 Mar 2017 19:09:59 GMT',
20 verbose headers   via: '1.1 varnish',
20 verbose headers   age: '0',
20 verbose headers   connection: 'keep-alive',
20 verbose headers   'x-served-by': 'cache-iad2128-IAD',
20 verbose headers   'x-cache': 'HIT',
20 verbose headers   'x-cache-hits': '1',
20 verbose headers   'x-timer': 'S1488740999.712585,VS0,VE1',
20 verbose headers   vary: 'Accept-Encoding' }
21 silly get cb [ 200,
21 silly get   { server: 'nginx/1.10.1',
21 silly get     'content-type': 'application/json',
21 silly get     'last-modified': 'Tue, 07 Feb 2017 13:59:56 GMT',
21 silly get     etag: 'W/"5899d2dc-1bb3c"',
21 silly get     'content-encoding': 'gzip',
21 silly get     'cache-control': 'max-age=300',
21 silly get     'content-length': '11845',
21 silly get     'accept-ranges': 'bytes',
21 silly get     date: 'Sun, 05 Mar 2017 19:09:59 GMT',
21 silly get     via: '1.1 varnish',
21 silly get     age: '0',
21 silly get     connection: 'keep-alive',
21 silly get     'x-served-by': 'cache-iad2128-IAD',
21 silly get     'x-cache': 'HIT',
21 silly get     'x-cache-hits': '1',
21 silly get     'x-timer': 'S1488740999.712585,VS0,VE1',
21 silly get     vary: 'Accept-Encoding' } ]
22 verbose get saving angular-cookies to /Users/ryanmcburney/.npm/registry.npmjs.org/angular-cookies/.cache.json
23 verbose correctMkdir /Users/ryanmcburney/.npm correctMkdir not in flight; initializing
24 silly fetchPackageMetaData Error: No compatible version found: angular-cookies@X.Y.Z
24 silly fetchPackageMetaData Valid install targets:
24 silly fetchPackageMetaData 1.2.20, 1.2.0, 1.2.1, 1.2.2, 1.2.3, 1.2.4, 1.2.5, 1.2.6, 1.2.7, 1.2.8, 1.2.9, 1.2.10, 1.2.11, 1.2.12, 1.2.13, 1.2.14, 1.2.15, 1.2.16, 1.2.17, 1.2.18, 1.2.19, 1.3.0-rc.5, 1.3.0, 1.3.1, 1.3.2, 1.3.3, 1.3.4-build.3588, 1.2.27, 1.3.4, 1.3.5, 1.3.6, 1.3.7, 1.2.28, 1.3.8, 1.4.0-beta.0, 1.3.9, 1.3.10, 1.4.0-beta.1, 1.4.0-beta.2, 1.3.11, 1.4.0-beta.3, 1.3.12, 1.3.13, 1.4.0-beta.4, 1.3.14, 1.4.0-beta.5, 1.4.0-beta.6, 1.3.15, 1.4.0-rc.0, 1.4.0-rc.1, 1.4.0-rc.2, 1.4.0, 1.3.16, 1.4.1, 1.4.2, 1.3.17, 1.4.3, 1.4.4, 1.3.18, 1.4.5, 1.3.19, 1.4.6, 1.5.0-beta.0, 1.2.29, 1.3.20, 1.4.7, 1.5.0-beta.2, 1.4.8, 1.5.0-rc.0, 1.5.0-rc.1, 1.4.9, 1.5.0-rc.2, 1.5.0, 1.5.1, 1.4.10, 1.5.2, 1.5.3, 1.5.5, 1.4.11, 1.5.6, 1.4.12, 1.5.7, 1.2.30, 1.5.8, 1.4.13, 1.2.31, 1.2.32, 1.4.14, 1.6.0-rc.0, 1.6.0-rc.1, 1.5.9, 1.6.0-rc.2, 1.6.0, 1.5.10, 1.6.1, 1.5.11, 1.6.2
24 silly fetchPackageMetaData
24 silly fetchPackageMetaData     at pickVersionFromRegistryDocument (/usr/local/lib/node_modules/npm/lib/fetch-package-metadata.js:158:16)
24 silly fetchPackageMetaData     at /usr/local/lib/node_modules/npm/node_modules/iferr/index.js:13:50
24 silly fetchPackageMetaData     at /usr/local/lib/node_modules/npm/lib/utils/pulse-till-done.js:20:8
24 silly fetchPackageMetaData     at saved (/usr/local/lib/node_modules/npm/lib/cache/caching-client.js:174:7)
24 silly fetchPackageMetaData     at /usr/local/lib/node_modules/npm/node_modules/graceful-fs/polyfills.js:261:18
24 silly fetchPackageMetaData     at FSReqWrap.oncomplete (fs.js:112:15)
24 silly fetchPackageMetaData  error for angular-cookies@X.Y.Z { Error: No compatible version found: angular-cookies@X.Y.Z
24 silly fetchPackageMetaData Valid install targets:
24 silly fetchPackageMetaData 1.2.20, 1.2.0, 1.2.1, 1.2.2, 1.2.3, 1.2.4, 1.2.5, 1.2.6, 1.2.7, 1.2.8, 1.2.9, 1.2.10, 1.2.11, 1.2.12, 1.2.13, 1.2.14, 1.2.15, 1.2.16, 1.2.17, 1.2.18, 1.2.19, 1.3.0-rc.5, 1.3.0, 1.3.1, 1.3.2, 1.3.3, 1.3.4-build.3588, 1.2.27, 1.3.4, 1.3.5, 1.3.6, 1.3.7, 1.2.28, 1.3.8, 1.4.0-beta.0, 1.3.9, 1.3.10, 1.4.0-beta.1, 1.4.0-beta.2, 1.3.11, 1.4.0-beta.3, 1.3.12, 1.3.13, 1.4.0-beta.4, 1.3.14, 1.4.0-beta.5, 1.4.0-beta.6, 1.3.15, 1.4.0-rc.0, 1.4.0-rc.1, 1.4.0-rc.2, 1.4.0, 1.3.16, 1.4.1, 1.4.2, 1.3.17, 1.4.3, 1.4.4, 1.3.18, 1.4.5, 1.3.19, 1.4.6, 1.5.0-beta.0, 1.2.29, 1.3.20, 1.4.7, 1.5.0-beta.2, 1.4.8, 1.5.0-rc.0, 1.5.0-rc.1, 1.4.9, 1.5.0-rc.2, 1.5.0, 1.5.1, 1.4.10, 1.5.2, 1.5.3, 1.5.5, 1.4.11, 1.5.6, 1.4.12, 1.5.7, 1.2.30, 1.5.8, 1.4.13, 1.2.31, 1.2.32, 1.4.14, 1.6.0-rc.0, 1.6.0-rc.1, 1.5.9, 1.6.0-rc.2, 1.6.0, 1.5.10, 1.6.1, 1.5.11, 1.6.2
24 silly fetchPackageMetaData
24 silly fetchPackageMetaData     at pickVersionFromRegistryDocument (/usr/local/lib/node_modules/npm/lib/fetch-package-metadata.js:158:16)
24 silly fetchPackageMetaData     at /usr/local/lib/node_modules/npm/node_modules/iferr/index.js:13:50
24 silly fetchPackageMetaData     at /usr/local/lib/node_modules/npm/lib/utils/pulse-till-done.js:20:8
24 silly fetchPackageMetaData     at saved (/usr/local/lib/node_modules/npm/lib/cache/caching-client.js:174:7)
24 silly fetchPackageMetaData     at /usr/local/lib/node_modules/npm/node_modules/graceful-fs/polyfills.js:261:18
24 silly fetchPackageMetaData     at FSReqWrap.oncomplete (fs.js:112:15) code: 'ETARGET' }
25 silly rollbackFailedOptional Starting
26 silly rollbackFailedOptional Finishing
27 silly runTopLevelLifecycles Finishing
28 silly install printInstalled
29 verbose stack Error: No compatible version found: angular-cookies@X.Y.Z
29 verbose stack Valid install targets:
29 verbose stack 1.2.20, 1.2.0, 1.2.1, 1.2.2, 1.2.3, 1.2.4, 1.2.5, 1.2.6, 1.2.7, 1.2.8, 1.2.9, 1.2.10, 1.2.11, 1.2.12, 1.2.13, 1.2.14, 1.2.15, 1.2.16, 1.2.17, 1.2.18, 1.2.19, 1.3.0-rc.5, 1.3.0, 1.3.1, 1.3.2, 1.3.3, 1.3.4-build.3588, 1.2.27, 1.3.4, 1.3.5, 1.3.6, 1.3.7, 1.2.28, 1.3.8, 1.4.0-beta.0, 1.3.9, 1.3.10, 1.4.0-beta.1, 1.4.0-beta.2, 1.3.11, 1.4.0-beta.3, 1.3.12, 1.3.13, 1.4.0-beta.4, 1.3.14, 1.4.0-beta.5, 1.4.0-beta.6, 1.3.15, 1.4.0-rc.0, 1.4.0-rc.1, 1.4.0-rc.2, 1.4.0, 1.3.16, 1.4.1, 1.4.2, 1.3.17, 1.4.3, 1.4.4, 1.3.18, 1.4.5, 1.3.19, 1.4.6, 1.5.0-beta.0, 1.2.29, 1.3.20, 1.4.7, 1.5.0-beta.2, 1.4.8, 1.5.0-rc.0, 1.5.0-rc.1, 1.4.9, 1.5.0-rc.2, 1.5.0, 1.5.1, 1.4.10, 1.5.2, 1.5.3, 1.5.5, 1.4.11, 1.5.6, 1.4.12, 1.5.7, 1.2.30, 1.5.8, 1.4.13, 1.2.31, 1.2.32, 1.4.14, 1.6.0-rc.0, 1.6.0-rc.1, 1.5.9, 1.6.0-rc.2, 1.6.0, 1.5.10, 1.6.1, 1.5.11, 1.6.2
29 verbose stack
29 verbose stack     at pickVersionFromRegistryDocument (/usr/local/lib/node_modules/npm/lib/fetch-package-metadata.js:158:16)
29 verbose stack     at /usr/local/lib/node_modules/npm/node_modules/iferr/index.js:13:50
29 verbose stack     at /usr/local/lib/node_modules/npm/lib/utils/pulse-till-done.js:20:8
29 verbose stack     at saved (/usr/local/lib/node_modules/npm/lib/cache/caching-client.js:174:7)
29 verbose stack     at /usr/local/lib/node_modules/npm/node_modules/graceful-fs/polyfills.js:261:18
29 verbose stack     at FSReqWrap.oncomplete (fs.js:112:15)
30 verbose cwd /Users/ryanmcburney/Documents/bloc/bloc-chat
31 error Darwin 16.3.0
32 error argv "/usr/local/bin/node" "/usr/local/bin/npm" "install" "--save" "angular-cookies@X.Y.Z"
33 error node v7.5.0
34 error npm  v4.1.2
35 error code ETARGET
36 error notarget No compatible version found: angular-cookies@X.Y.Z
36 error notarget Valid install targets:
36 error notarget 1.2.20, 1.2.0, 1.2.1, 1.2.2, 1.2.3, 1.2.4, 1.2.5, 1.2.6, 1.2.7, 1.2.8, 1.2.9, 1.2.10, 1.2.11, 1.2.12, 1.2.13, 1.2.14, 1.2.15, 1.2.16, 1.2.17, 1.2.18, 1.2.19, 1.3.0-rc.5, 1.3.0, 1.3.1, 1.3.2, 1.3.3, 1.3.4-build.3588, 1.2.27, 1.3.4, 1.3.5, 1.3.6, 1.3.7, 1.2.28, 1.3.8, 1.4.0-beta.0, 1.3.9, 1.3.10, 1.4.0-beta.1, 1.4.0-beta.2, 1.3.11, 1.4.0-beta.3, 1.3.12, 1.3.13, 1.4.0-beta.4, 1.3.14, 1.4.0-beta.5, 1.4.0-beta.6, 1.3.15, 1.4.0-rc.0, 1.4.0-rc.1, 1.4.0-rc.2, 1.4.0, 1.3.16, 1.4.1, 1.4.2, 1.3.17, 1.4.3, 1.4.4, 1.3.18, 1.4.5, 1.3.19, 1.4.6, 1.5.0-beta.0, 1.2.29, 1.3.20, 1.4.7, 1.5.0-beta.2, 1.4.8, 1.5.0-rc.0, 1.5.0-rc.1, 1.4.9, 1.5.0-rc.2, 1.5.0, 1.5.1, 1.4.10, 1.5.2, 1.5.3, 1.5.5, 1.4.11, 1.5.6, 1.4.12, 1.5.7, 1.2.30, 1.5.8, 1.4.13, 1.2.31, 1.2.32, 1.4.14, 1.6.0-rc.0, 1.6.0-rc.1, 1.5.9, 1.6.0-rc.2, 1.6.0, 1.5.10, 1.6.1, 1.5.11, 1.6.2
37 error notarget This is most likely not a problem with npm itself.
37 error notarget In most cases you or one of your dependencies are requesting
37 error notarget a package version that doesn't exist.
38 verbose exit [ 1, true ]
